[2016-08-10 07:12:15,661] DEBUG preRegister called. Server=com.sun.jmx.mbeanserver.JmxMBeanServer@24764838, name=log4j:logger=kafka.controller (kafka.controller)
[2016-08-10 07:12:31,453] INFO [Controller 0]: Controller starting up (kafka.controller.KafkaController)
[2016-08-10 07:12:31,496] INFO [Controller 0]: Broker 0 starting become controller state transition (kafka.controller.KafkaController)
[2016-08-10 07:12:31,518] INFO [Controller 0]: Initialized controller epoch to 4 and zk version 3 (kafka.controller.KafkaController)
[2016-08-10 07:12:31,524] INFO [Controller 0]: Controller 0 incremented epoch to 5 (kafka.controller.KafkaController)
[2016-08-10 07:12:31,675] INFO [Controller 0]: Partitions undergoing preferred replica election:  (kafka.controller.KafkaController)
[2016-08-10 07:12:31,678] INFO [Controller 0]: Partitions that completed preferred replica election:  (kafka.controller.KafkaController)
[2016-08-10 07:12:31,678] INFO [Controller 0]: Resuming preferred replica election for partitions:  (kafka.controller.KafkaController)
[2016-08-10 07:12:31,684] INFO [Controller 0]: Partitions being reassigned: Map() (kafka.controller.KafkaController)
[2016-08-10 07:12:31,685] INFO [Controller 0]: Partitions already reassigned: List() (kafka.controller.KafkaController)
[2016-08-10 07:12:31,686] INFO [Controller 0]: Resuming reassignment of partitions: Map() (kafka.controller.KafkaController)
[2016-08-10 07:12:31,691] INFO [Controller 0]: List of topics to be deleted:  (kafka.controller.KafkaController)
[2016-08-10 07:12:31,692] INFO [Controller 0]: List of topics ineligible for deletion: sink2,sink1 (kafka.controller.KafkaController)
[2016-08-10 07:12:31,695] INFO [Controller 0]: Currently active brokers in the cluster: Set() (kafka.controller.KafkaController)
[2016-08-10 07:12:31,695] INFO [Controller 0]: Currently shutting brokers in the cluster: Set() (kafka.controller.KafkaController)
[2016-08-10 07:12:31,696] INFO [Controller 0]: Current list of topics in the cluster: Set(sink1, sink2) (kafka.controller.KafkaController)
[2016-08-10 07:12:31,710] INFO [Replica state machine on controller 0]: Started replica state machine with initial state -> Map([Topic=sink2,Partition=0,Replica=0] -> ReplicaDeletionIneligible, [Topic=sink1,Partition=0,Replica=0] -> ReplicaDeletionIneligible) (kafka.controller.ReplicaStateMachine)
[2016-08-10 07:12:31,748] DEBUG [OfflinePartitionLeaderSelector]: No broker in ISR is alive for [sink2,0]. Pick the leader from the alive assigned replicas:  (kafka.controller.OfflinePartitionLeaderSelector)
[2016-08-10 07:12:31,841] DEBUG [OfflinePartitionLeaderSelector]: No broker in ISR is alive for [sink1,0]. Pick the leader from the alive assigned replicas:  (kafka.controller.OfflinePartitionLeaderSelector)
[2016-08-10 07:12:31,849] INFO [Partition state machine on Controller 0]: Started partition state machine with initial state -> Map([sink2,0] -> OfflinePartition, [sink1,0] -> OfflinePartition) (kafka.controller.PartitionStateMachine)
[2016-08-10 07:12:31,853] INFO [Controller 0]: Broker 0 is ready to serve as the new controller with epoch 5 (kafka.controller.KafkaController)
[2016-08-10 07:12:31,855] INFO [Controller 0]: Starting preferred replica leader election for partitions  (kafka.controller.KafkaController)
[2016-08-10 07:12:31,856] INFO [Partition state machine on Controller 0]: Invoking state change to OnlinePartition for partitions  (kafka.controller.PartitionStateMachine)
[2016-08-10 07:12:31,875] INFO [Controller 0]: starting the partition rebalance scheduler (kafka.controller.KafkaController)
[2016-08-10 07:12:31,876] INFO [Controller 0]: Controller startup complete (kafka.controller.KafkaController)
[2016-08-10 07:12:31,928] INFO [BrokerChangeListener on Controller 0]: Broker change listener fired for path /brokers/ids with children 0 (kafka.controller.ReplicaStateMachine$BrokerChangeListener)
[2016-08-10 07:12:31,990] INFO [BrokerChangeListener on Controller 0]: Newly added brokers: 0, deleted brokers: , all live brokers: 0 (kafka.controller.ReplicaStateMachine$BrokerChangeListener)
[2016-08-10 07:12:31,991] DEBUG [Channel manager on controller 0]: Controller 0 trying to connect to broker 0 (kafka.controller.ControllerChannelManager)
[2016-08-10 07:12:32,134] INFO [Controller-0-to-broker-0-send-thread], Controller 0 connected to id:0,host:centos-2,port:9092 for sending state change requests (kafka.controller.RequestSendThread)
[2016-08-10 07:12:32,142] INFO [Controller 0]: New broker startup callback for 0 (kafka.controller.KafkaController)
[2016-08-10 07:12:32,144] INFO [Controller-0-to-broker-0-send-thread], Starting  (kafka.controller.RequestSendThread)
[2016-08-10 07:12:32,200] INFO [Replica state machine on controller 0]: Invoking state change to OnlineReplica for replicas [Topic=sink2,Partition=0,Replica=0],[Topic=sink1,Partition=0,Replica=0] (kafka.controller.ReplicaStateMachine)
[2016-08-10 07:12:32,265] DEBUG [OfflinePartitionLeaderSelector]: Some broker in ISR is alive for [sink2,0]. Select 0 from ISR 0 to be the leader. (kafka.controller.OfflinePartitionLeaderSelector)
[2016-08-10 07:12:32,266] INFO [OfflinePartitionLeaderSelector]: Selected new leader and ISR {"leader":0,"leader_epoch":2,"isr":[0]} for offline partition [sink2,0] (kafka.controller.OfflinePartitionLeaderSelector)
[2016-08-10 07:12:32,288] DEBUG [Partition state machine on Controller 0]: After leader election, leader cache is updated to Map([sink2,0] -> (Leader:0,ISR:0,LeaderEpoch:2,ControllerEpoch:5), [sink1,0] -> (Leader:0,ISR:0,LeaderEpoch:2,ControllerEpoch:4)) (kafka.controller.PartitionStateMachine)
[2016-08-10 07:12:32,312] DEBUG [OfflinePartitionLeaderSelector]: Some broker in ISR is alive for [sink1,0]. Select 0 from ISR 0 to be the leader. (kafka.controller.OfflinePartitionLeaderSelector)
[2016-08-10 07:12:32,312] INFO [OfflinePartitionLeaderSelector]: Selected new leader and ISR {"leader":0,"leader_epoch":3,"isr":[0]} for offline partition [sink1,0] (kafka.controller.OfflinePartitionLeaderSelector)
[2016-08-10 07:12:32,316] DEBUG [Partition state machine on Controller 0]: After leader election, leader cache is updated to Map([sink2,0] -> (Leader:0,ISR:0,LeaderEpoch:2,ControllerEpoch:5), [sink1,0] -> (Leader:0,ISR:0,LeaderEpoch:3,ControllerEpoch:5)) (kafka.controller.PartitionStateMachine)
[2016-08-10 07:12:36,881] TRACE [Controller 0]: checking need to trigger partition rebalance (kafka.controller.KafkaController)
[2016-08-10 07:12:36,890] DEBUG [Controller 0]: preferred replicas by broker Map(0 -> Map([sink2,0] -> List(0), [sink1,0] -> List(0))) (kafka.controller.KafkaController)
[2016-08-10 07:12:36,899] DEBUG [Controller 0]: topics not in preferred replica Map() (kafka.controller.KafkaController)
[2016-08-10 07:12:36,904] TRACE [Controller 0]: leader imbalance ratio for broker 0 is 0.000000 (kafka.controller.KafkaController)
[2016-08-10 07:17:36,887] TRACE [Controller 0]: checking need to trigger partition rebalance (kafka.controller.KafkaController)
[2016-08-10 07:17:36,888] DEBUG [Controller 0]: preferred replicas by broker Map(0 -> Map([sink2,0] -> List(0), [sink1,0] -> List(0))) (kafka.controller.KafkaController)
[2016-08-10 07:17:36,888] DEBUG [Controller 0]: topics not in preferred replica Map() (kafka.controller.KafkaController)
[2016-08-10 07:17:36,889] TRACE [Controller 0]: leader imbalance ratio for broker 0 is 0.000000 (kafka.controller.KafkaController)
[2016-08-10 07:22:36,876] TRACE [Controller 0]: checking need to trigger partition rebalance (kafka.controller.KafkaController)
[2016-08-10 07:22:36,877] DEBUG [Controller 0]: preferred replicas by broker Map(0 -> Map([sink2,0] -> List(0), [sink1,0] -> List(0))) (kafka.controller.KafkaController)
[2016-08-10 07:22:36,877] DEBUG [Controller 0]: topics not in preferred replica Map() (kafka.controller.KafkaController)
[2016-08-10 07:22:36,877] TRACE [Controller 0]: leader imbalance ratio for broker 0 is 0.000000 (kafka.controller.KafkaController)
[2016-08-10 07:27:36,876] TRACE [Controller 0]: checking need to trigger partition rebalance (kafka.controller.KafkaController)
[2016-08-10 07:27:36,876] DEBUG [Controller 0]: preferred replicas by broker Map(0 -> Map([sink2,0] -> List(0), [sink1,0] -> List(0))) (kafka.controller.KafkaController)
[2016-08-10 07:27:36,877] DEBUG [Controller 0]: topics not in preferred replica Map() (kafka.controller.KafkaController)
[2016-08-10 07:27:36,877] TRACE [Controller 0]: leader imbalance ratio for broker 0 is 0.000000 (kafka.controller.KafkaController)
[2016-08-10 07:32:36,876] TRACE [Controller 0]: checking need to trigger partition rebalance (kafka.controller.KafkaController)
[2016-08-10 07:32:36,876] DEBUG [Controller 0]: preferred replicas by broker Map(0 -> Map([sink2,0] -> List(0), [sink1,0] -> List(0))) (kafka.controller.KafkaController)
[2016-08-10 07:32:36,877] DEBUG [Controller 0]: topics not in preferred replica Map() (kafka.controller.KafkaController)
[2016-08-10 07:32:36,877] TRACE [Controller 0]: leader imbalance ratio for broker 0 is 0.000000 (kafka.controller.KafkaController)
[2016-08-10 07:37:36,876] TRACE [Controller 0]: checking need to trigger partition rebalance (kafka.controller.KafkaController)
[2016-08-10 07:37:36,876] DEBUG [Controller 0]: preferred replicas by broker Map(0 -> Map([sink2,0] -> List(0), [sink1,0] -> List(0))) (kafka.controller.KafkaController)
[2016-08-10 07:37:36,877] DEBUG [Controller 0]: topics not in preferred replica Map() (kafka.controller.KafkaController)
[2016-08-10 07:37:36,877] TRACE [Controller 0]: leader imbalance ratio for broker 0 is 0.000000 (kafka.controller.KafkaController)
[2016-08-10 07:42:36,876] TRACE [Controller 0]: checking need to trigger partition rebalance (kafka.controller.KafkaController)
[2016-08-10 07:42:36,877] DEBUG [Controller 0]: preferred replicas by broker Map(0 -> Map([sink2,0] -> List(0), [sink1,0] -> List(0))) (kafka.controller.KafkaController)
[2016-08-10 07:42:36,877] DEBUG [Controller 0]: topics not in preferred replica Map() (kafka.controller.KafkaController)
[2016-08-10 07:42:36,877] TRACE [Controller 0]: leader imbalance ratio for broker 0 is 0.000000 (kafka.controller.KafkaController)
