[2016-08-10 07:12:29,909] INFO Verifying properties (kafka.utils.VerifiableProperties)
[2016-08-10 07:12:30,024] INFO Property broker.id is overridden to 0 (kafka.utils.VerifiableProperties)
[2016-08-10 07:12:30,025] INFO Property log.cleaner.enable is overridden to false (kafka.utils.VerifiableProperties)
[2016-08-10 07:12:30,025] INFO Property log.dirs is overridden to /tmp/kafka-logs (kafka.utils.VerifiableProperties)
[2016-08-10 07:12:30,025] INFO Property log.retention.check.interval.ms is overridden to 300000 (kafka.utils.VerifiableProperties)
[2016-08-10 07:12:30,025] INFO Property log.retention.hours is overridden to 168 (kafka.utils.VerifiableProperties)
[2016-08-10 07:12:30,025] INFO Property log.segment.bytes is overridden to 1073741824 (kafka.utils.VerifiableProperties)
[2016-08-10 07:12:30,026] INFO Property num.io.threads is overridden to 8 (kafka.utils.VerifiableProperties)
[2016-08-10 07:12:30,026] INFO Property num.network.threads is overridden to 3 (kafka.utils.VerifiableProperties)
[2016-08-10 07:12:30,026] INFO Property num.partitions is overridden to 1 (kafka.utils.VerifiableProperties)
[2016-08-10 07:12:30,026] INFO Property num.recovery.threads.per.data.dir is overridden to 1 (kafka.utils.VerifiableProperties)
[2016-08-10 07:12:30,026] INFO Property port is overridden to 9092 (kafka.utils.VerifiableProperties)
[2016-08-10 07:12:30,026] INFO Property socket.receive.buffer.bytes is overridden to 102400 (kafka.utils.VerifiableProperties)
[2016-08-10 07:12:30,027] INFO Property socket.request.max.bytes is overridden to 104857600 (kafka.utils.VerifiableProperties)
[2016-08-10 07:12:30,027] INFO Property socket.send.buffer.bytes is overridden to 102400 (kafka.utils.VerifiableProperties)
[2016-08-10 07:12:30,027] INFO Property zookeeper.connect is overridden to localhost:2181 (kafka.utils.VerifiableProperties)
[2016-08-10 07:12:30,027] INFO Property zookeeper.connection.timeout.ms is overridden to 6000 (kafka.utils.VerifiableProperties)
[2016-08-10 07:12:30,113] INFO [Kafka Server 0], starting (kafka.server.KafkaServer)
[2016-08-10 07:12:30,124] INFO [Kafka Server 0], Connecting to zookeeper on localhost:2181 (kafka.server.KafkaServer)
[2016-08-10 07:12:30,814] INFO Loading logs. (kafka.log.LogManager)
[2016-08-10 07:12:30,889] INFO Recovering unflushed segment 0 in log sink1-0. (kafka.log.Log)
[2016-08-10 07:12:31,045] INFO Completed load of log sink1-0 with log end offset 526 (kafka.log.Log)
[2016-08-10 07:12:31,085] INFO Recovering unflushed segment 0 in log sink2-0. (kafka.log.Log)
[2016-08-10 07:12:31,091] INFO Completed load of log sink2-0 with log end offset 0 (kafka.log.Log)
[2016-08-10 07:12:31,104] INFO Logs loading complete. (kafka.log.LogManager)
[2016-08-10 07:12:31,112] INFO Starting log cleanup with a period of 300000 ms. (kafka.log.LogManager)
[2016-08-10 07:12:31,123] INFO Starting log flusher with a default period of 9223372036854775807 ms. (kafka.log.LogManager)
[2016-08-10 07:12:31,195] INFO Awaiting socket connections on 0.0.0.0:9092. (kafka.network.Acceptor)
[2016-08-10 07:12:31,209] INFO [Socket Server on Broker 0], Started (kafka.network.SocketServer)
[2016-08-10 07:12:31,425] INFO Will not load MX4J, mx4j-tools.jar is not in the classpath (kafka.utils.Mx4jLoader$)
[2016-08-10 07:12:31,495] INFO 0 successfully elected as leader (kafka.server.ZookeeperLeaderElector)
[2016-08-10 07:12:31,900] INFO Registered broker 0 at path /brokers/ids/0 with address centos-2:9092. (kafka.utils.ZkUtils$)
[2016-08-10 07:12:31,917] INFO New leader is 0 (kafka.server.ZookeeperLeaderElector$LeaderChangeListener)
[2016-08-10 07:12:31,942] INFO [Kafka Server 0], started (kafka.server.KafkaServer)
[2016-08-10 07:12:32,583] INFO [ReplicaFetcherManager on broker 0] Removed fetcher for partitions [sink2,0],[sink1,0] (kafka.server.ReplicaFetcherManager)
[2016-08-10 07:12:32,726] INFO [ReplicaFetcherManager on broker 0] Removed fetcher for partitions [sink2,0],[sink1,0] (kafka.server.ReplicaFetcherManager)
[2016-08-10 07:20:03,972] INFO Closing socket connection to /172.30.80.123. (kafka.network.Processor)
[2016-08-10 07:22:44,598] INFO Closing socket connection to /172.30.80.45. (kafka.network.Processor)
[2016-08-10 07:33:14,868] INFO Closing socket connection to /172.30.80.123. (kafka.network.Processor)
[2016-08-10 07:33:14,869] INFO Closing socket connection to /172.30.80.123. (kafka.network.Processor)
[2016-08-10 07:43:14,998] ERROR Closing socket for /172.30.80.45 because of error (kafka.network.Processor)
java.io.IOException: Connection reset by peer
	at sun.nio.ch.FileDispatcherImpl.read0(Native Method)
	at sun.nio.ch.SocketDispatcher.read(SocketDispatcher.java:39)
	at sun.nio.ch.IOUtil.readIntoNativeBuffer(IOUtil.java:223)
	at sun.nio.ch.IOUtil.read(IOUtil.java:197)
	at sun.nio.ch.SocketChannelImpl.read(SocketChannelImpl.java:384)
	at kafka.utils.Utils$.read(Utils.scala:380)
	at kafka.network.BoundedByteBufferReceive.readFrom(BoundedByteBufferReceive.scala:54)
	at kafka.network.Processor.read(SocketServer.scala:444)
	at kafka.network.Processor.run(SocketServer.scala:340)
	at java.lang.Thread.run(Thread.java:745)
