[2016-08-10 07:12:15,640] DEBUG preRegister called. Server=com.sun.jmx.mbeanserver.JmxMBeanServer@24764838, name=log4j:logger=state.change.logger (state.change.logger)
[2016-08-10 07:12:31,715] TRACE Controller 0 epoch 5 started leader election for partition [sink2,0] (state.change.logger)
[2016-08-10 07:12:31,750] ERROR Controller 0 epoch 5 initiated state change for partition [sink2,0] from OfflinePartition to OnlinePartition failed (state.change.logger)
kafka.common.NoReplicaOnlineException: No replica for partition [sink2,0] is alive. Live brokers are: [Set()], Assigned replicas are: [List(0)]
	at kafka.controller.OfflinePartitionLeaderSelector.selectLeader(PartitionLeaderSelector.scala:75)
	at kafka.controller.PartitionStateMachine.electLeaderForPartition(PartitionStateMachine.scala:357)
	at kafka.controller.PartitionStateMachine.kafka$controller$PartitionStateMachine$$handleStateChange(PartitionStateMachine.scala:206)
	at kafka.controller.PartitionStateMachine$$anonfun$triggerOnlinePartitionStateChange$3.apply(PartitionStateMachine.scala:120)
	at kafka.controller.PartitionStateMachine$$anonfun$triggerOnlinePartitionStateChange$3.apply(PartitionStateMachine.scala:117)
	at scala.collection.TraversableLike$WithFilter$$anonfun$foreach$1.apply(TraversableLike.scala:704)
	at scala.collection.mutable.HashMap$$anonfun$foreach$1.apply(HashMap.scala:93)
	at scala.collection.mutable.HashMap$$anonfun$foreach$1.apply(HashMap.scala:93)
	at scala.collection.Iterator$class.foreach(Iterator.scala:660)
	at scala.collection.mutable.HashTable$$anon$1.foreach(HashTable.scala:157)
	at scala.collection.mutable.HashTable$class.foreachEntry(HashTable.scala:190)
	at scala.collection.mutable.HashMap.foreachEntry(HashMap.scala:43)
	at scala.collection.mutable.HashMap.foreach(HashMap.scala:93)
	at scala.collection.TraversableLike$WithFilter.foreach(TraversableLike.scala:703)
	at kafka.controller.PartitionStateMachine.triggerOnlinePartitionStateChange(PartitionStateMachine.scala:117)
	at kafka.controller.PartitionStateMachine.startup(PartitionStateMachine.scala:70)
	at kafka.controller.KafkaController.onControllerFailover(KafkaController.scala:314)
	at kafka.controller.KafkaController$$anonfun$1.apply$mcV$sp(KafkaController.scala:161)
	at kafka.server.ZookeeperLeaderElector.elect(ZookeeperLeaderElector.scala:81)
	at kafka.server.ZookeeperLeaderElector$$anonfun$startup$1.apply$mcZ$sp(ZookeeperLeaderElector.scala:49)
	at kafka.server.ZookeeperLeaderElector$$anonfun$startup$1.apply(ZookeeperLeaderElector.scala:47)
	at kafka.server.ZookeeperLeaderElector$$anonfun$startup$1.apply(ZookeeperLeaderElector.scala:47)
	at kafka.utils.Utils$.inLock(Utils.scala:535)
	at kafka.server.ZookeeperLeaderElector.startup(ZookeeperLeaderElector.scala:47)
	at kafka.controller.KafkaController$$anonfun$startup$1.apply$mcV$sp(KafkaController.scala:650)
	at kafka.controller.KafkaController$$anonfun$startup$1.apply(KafkaController.scala:646)
	at kafka.controller.KafkaController$$anonfun$startup$1.apply(KafkaController.scala:646)
	at kafka.utils.Utils$.inLock(Utils.scala:535)
	at kafka.controller.KafkaController.startup(KafkaController.scala:646)
	at kafka.server.KafkaServer.startup(KafkaServer.scala:117)
	at kafka.server.KafkaServerStartable.startup(KafkaServerStartable.scala:29)
	at kafka.Kafka$.main(Kafka.scala:46)
	at kafka.Kafka.main(Kafka.scala)
[2016-08-10 07:12:31,776] TRACE Controller 0 epoch 5 started leader election for partition [sink1,0] (state.change.logger)
[2016-08-10 07:12:31,842] ERROR Controller 0 epoch 5 initiated state change for partition [sink1,0] from OfflinePartition to OnlinePartition failed (state.change.logger)
kafka.common.NoReplicaOnlineException: No replica for partition [sink1,0] is alive. Live brokers are: [Set()], Assigned replicas are: [List(0)]
	at kafka.controller.OfflinePartitionLeaderSelector.selectLeader(PartitionLeaderSelector.scala:75)
	at kafka.controller.PartitionStateMachine.electLeaderForPartition(PartitionStateMachine.scala:357)
	at kafka.controller.PartitionStateMachine.kafka$controller$PartitionStateMachine$$handleStateChange(PartitionStateMachine.scala:206)
	at kafka.controller.PartitionStateMachine$$anonfun$triggerOnlinePartitionStateChange$3.apply(PartitionStateMachine.scala:120)
	at kafka.controller.PartitionStateMachine$$anonfun$triggerOnlinePartitionStateChange$3.apply(PartitionStateMachine.scala:117)
	at scala.collection.TraversableLike$WithFilter$$anonfun$foreach$1.apply(TraversableLike.scala:704)
	at scala.collection.mutable.HashMap$$anonfun$foreach$1.apply(HashMap.scala:93)
	at scala.collection.mutable.HashMap$$anonfun$foreach$1.apply(HashMap.scala:93)
	at scala.collection.Iterator$class.foreach(Iterator.scala:660)
	at scala.collection.mutable.HashTable$$anon$1.foreach(HashTable.scala:157)
	at scala.collection.mutable.HashTable$class.foreachEntry(HashTable.scala:190)
	at scala.collection.mutable.HashMap.foreachEntry(HashMap.scala:43)
	at scala.collection.mutable.HashMap.foreach(HashMap.scala:93)
	at scala.collection.TraversableLike$WithFilter.foreach(TraversableLike.scala:703)
	at kafka.controller.PartitionStateMachine.triggerOnlinePartitionStateChange(PartitionStateMachine.scala:117)
	at kafka.controller.PartitionStateMachine.startup(PartitionStateMachine.scala:70)
	at kafka.controller.KafkaController.onControllerFailover(KafkaController.scala:314)
	at kafka.controller.KafkaController$$anonfun$1.apply$mcV$sp(KafkaController.scala:161)
	at kafka.server.ZookeeperLeaderElector.elect(ZookeeperLeaderElector.scala:81)
	at kafka.server.ZookeeperLeaderElector$$anonfun$startup$1.apply$mcZ$sp(ZookeeperLeaderElector.scala:49)
	at kafka.server.ZookeeperLeaderElector$$anonfun$startup$1.apply(ZookeeperLeaderElector.scala:47)
	at kafka.server.ZookeeperLeaderElector$$anonfun$startup$1.apply(ZookeeperLeaderElector.scala:47)
	at kafka.utils.Utils$.inLock(Utils.scala:535)
	at kafka.server.ZookeeperLeaderElector.startup(ZookeeperLeaderElector.scala:47)
	at kafka.controller.KafkaController$$anonfun$startup$1.apply$mcV$sp(KafkaController.scala:650)
	at kafka.controller.KafkaController$$anonfun$startup$1.apply(KafkaController.scala:646)
	at kafka.controller.KafkaController$$anonfun$startup$1.apply(KafkaController.scala:646)
	at kafka.utils.Utils$.inLock(Utils.scala:535)
	at kafka.controller.KafkaController.startup(KafkaController.scala:646)
	at kafka.server.KafkaServer.startup(KafkaServer.scala:117)
	at kafka.server.KafkaServerStartable.startup(KafkaServerStartable.scala:29)
	at kafka.Kafka$.main(Kafka.scala:46)
	at kafka.Kafka.main(Kafka.scala)
[2016-08-10 07:12:32,189] TRACE Controller 0 epoch 5 sending UpdateMetadata request (Leader:0,ISR:0,LeaderEpoch:1,ControllerEpoch:4) with correlationId 3 to broker 0 for partition [sink2,0] (state.change.logger)
[2016-08-10 07:12:32,190] TRACE Controller 0 epoch 5 sending UpdateMetadata request (Leader:0,ISR:0,LeaderEpoch:2,ControllerEpoch:4) with correlationId 3 to broker 0 for partition [sink1,0] (state.change.logger)
[2016-08-10 07:12:32,221] TRACE Controller 0 epoch 5 changed state of replica 0 for partition [sink2,0] from ReplicaDeletionIneligible to OnlineReplica (state.change.logger)
[2016-08-10 07:12:32,222] TRACE Controller 0 epoch 5 changed state of replica 0 for partition [sink1,0] from ReplicaDeletionIneligible to OnlineReplica (state.change.logger)
[2016-08-10 07:12:32,231] TRACE Controller 0 epoch 5 sending become-leader LeaderAndIsr request (Leader:0,ISR:0,LeaderEpoch:1,ControllerEpoch:4) with correlationId 4 to broker 0 for partition [sink2,0] (state.change.logger)
[2016-08-10 07:12:32,231] TRACE Controller 0 epoch 5 sending become-leader LeaderAndIsr request (Leader:0,ISR:0,LeaderEpoch:2,ControllerEpoch:4) with correlationId 4 to broker 0 for partition [sink1,0] (state.change.logger)
[2016-08-10 07:12:32,232] TRACE Controller 0 epoch 5 sending UpdateMetadata request (Leader:0,ISR:0,LeaderEpoch:1,ControllerEpoch:4) with correlationId 4 to broker 0 for partition [sink2,0] (state.change.logger)
[2016-08-10 07:12:32,232] TRACE Controller 0 epoch 5 sending UpdateMetadata request (Leader:0,ISR:0,LeaderEpoch:2,ControllerEpoch:4) with correlationId 4 to broker 0 for partition [sink1,0] (state.change.logger)
[2016-08-10 07:12:32,233] TRACE Controller 0 epoch 5 started leader election for partition [sink2,0] (state.change.logger)
[2016-08-10 07:12:32,278] TRACE Broker 0 cached leader info (LeaderAndIsrInfo:(Leader:0,ISR:0,LeaderEpoch:1,ControllerEpoch:4),ReplicationFactor:1),AllReplicas:0) for partition [sink2,0] in response to UpdateMetadata request sent by controller 0 epoch 5 with correlation id 3 (state.change.logger)
[2016-08-10 07:12:32,279] TRACE Broker 0 cached leader info (LeaderAndIsrInfo:(Leader:0,ISR:0,LeaderEpoch:2,ControllerEpoch:4),ReplicationFactor:1),AllReplicas:0) for partition [sink1,0] in response to UpdateMetadata request sent by controller 0 epoch 5 with correlation id 3 (state.change.logger)
[2016-08-10 07:12:32,283] TRACE Controller 0 epoch 5 elected leader 0 for Offline partition [sink2,0] (state.change.logger)
[2016-08-10 07:12:32,289] TRACE Controller 0 epoch 5 changed partition [sink2,0] from OfflinePartition to OnlinePartition with leader 0 (state.change.logger)
[2016-08-10 07:12:32,289] TRACE Controller 0 epoch 5 started leader election for partition [sink1,0] (state.change.logger)
[2016-08-10 07:12:32,316] TRACE Controller 0 epoch 5 elected leader 0 for Offline partition [sink1,0] (state.change.logger)
[2016-08-10 07:12:32,317] TRACE Controller 0 epoch 5 changed partition [sink1,0] from OfflinePartition to OnlinePartition with leader 0 (state.change.logger)
[2016-08-10 07:12:32,317] TRACE Controller 0 epoch 5 sending become-leader LeaderAndIsr request (Leader:0,ISR:0,LeaderEpoch:2,ControllerEpoch:5) with correlationId 5 to broker 0 for partition [sink2,0] (state.change.logger)
[2016-08-10 07:12:32,317] TRACE Controller 0 epoch 5 sending become-leader LeaderAndIsr request (Leader:0,ISR:0,LeaderEpoch:3,ControllerEpoch:5) with correlationId 5 to broker 0 for partition [sink1,0] (state.change.logger)
[2016-08-10 07:12:32,318] TRACE Controller 0 epoch 5 sending UpdateMetadata request (Leader:0,ISR:0,LeaderEpoch:2,ControllerEpoch:5) with correlationId 5 to broker 0 for partition [sink2,0] (state.change.logger)
[2016-08-10 07:12:32,318] TRACE Controller 0 epoch 5 sending UpdateMetadata request (Leader:0,ISR:0,LeaderEpoch:3,ControllerEpoch:5) with correlationId 5 to broker 0 for partition [sink1,0] (state.change.logger)
[2016-08-10 07:12:32,472] TRACE Controller 0 epoch 5 received response UpdateMetadataResponse(3,0) for a request sent to broker id:0,host:centos-2,port:9092 (state.change.logger)
[2016-08-10 07:12:32,558] TRACE Broker 0 received LeaderAndIsr request (LeaderAndIsrInfo:(Leader:0,ISR:0,LeaderEpoch:1,ControllerEpoch:4),ReplicationFactor:1),AllReplicas:0) correlation id 4 from controller 0 epoch 5 for partition [sink2,0] (state.change.logger)
[2016-08-10 07:12:32,558] TRACE Broker 0 received LeaderAndIsr request (LeaderAndIsrInfo:(Leader:0,ISR:0,LeaderEpoch:2,ControllerEpoch:4),ReplicationFactor:1),AllReplicas:0) correlation id 4 from controller 0 epoch 5 for partition [sink1,0] (state.change.logger)
[2016-08-10 07:12:32,574] TRACE Broker 0 handling LeaderAndIsr request correlationId 4 from controller 0 epoch 5 starting the become-leader transition for partition [sink2,0] (state.change.logger)
[2016-08-10 07:12:32,575] TRACE Broker 0 handling LeaderAndIsr request correlationId 4 from controller 0 epoch 5 starting the become-leader transition for partition [sink1,0] (state.change.logger)
[2016-08-10 07:12:32,598] TRACE Broker 0 stopped fetchers as part of become-leader request from controller 0 epoch 5 with correlation id 4 for partition [sink2,0] (state.change.logger)
[2016-08-10 07:12:32,598] TRACE Broker 0 stopped fetchers as part of become-leader request from controller 0 epoch 5 with correlation id 4 for partition [sink1,0] (state.change.logger)
[2016-08-10 07:12:32,682] TRACE Broker 0 completed LeaderAndIsr request correlationId 4 from controller 0 epoch 5 for the become-leader transition for partition [sink2,0] (state.change.logger)
[2016-08-10 07:12:32,682] TRACE Broker 0 completed LeaderAndIsr request correlationId 4 from controller 0 epoch 5 for the become-leader transition for partition [sink1,0] (state.change.logger)
[2016-08-10 07:12:32,711] TRACE Controller 0 epoch 5 received response LeaderAndIsrResponse(4,Map((sink2,0) -> 0, (sink1,0) -> 0),0) for a request sent to broker id:0,host:centos-2,port:9092 (state.change.logger)
[2016-08-10 07:12:32,712] TRACE Broker 0 cached leader info (LeaderAndIsrInfo:(Leader:0,ISR:0,LeaderEpoch:1,ControllerEpoch:4),ReplicationFactor:1),AllReplicas:0) for partition [sink2,0] in response to UpdateMetadata request sent by controller 0 epoch 5 with correlation id 4 (state.change.logger)
[2016-08-10 07:12:32,712] TRACE Broker 0 cached leader info (LeaderAndIsrInfo:(Leader:0,ISR:0,LeaderEpoch:2,ControllerEpoch:4),ReplicationFactor:1),AllReplicas:0) for partition [sink1,0] in response to UpdateMetadata request sent by controller 0 epoch 5 with correlation id 4 (state.change.logger)
[2016-08-10 07:12:32,714] TRACE Controller 0 epoch 5 received response UpdateMetadataResponse(4,0) for a request sent to broker id:0,host:centos-2,port:9092 (state.change.logger)
[2016-08-10 07:12:32,724] TRACE Broker 0 received LeaderAndIsr request (LeaderAndIsrInfo:(Leader:0,ISR:0,LeaderEpoch:2,ControllerEpoch:5),ReplicationFactor:1),AllReplicas:0) correlation id 5 from controller 0 epoch 5 for partition [sink2,0] (state.change.logger)
[2016-08-10 07:12:32,725] TRACE Broker 0 received LeaderAndIsr request (LeaderAndIsrInfo:(Leader:0,ISR:0,LeaderEpoch:3,ControllerEpoch:5),ReplicationFactor:1),AllReplicas:0) correlation id 5 from controller 0 epoch 5 for partition [sink1,0] (state.change.logger)
[2016-08-10 07:12:32,725] TRACE Broker 0 handling LeaderAndIsr request correlationId 5 from controller 0 epoch 5 starting the become-leader transition for partition [sink2,0] (state.change.logger)
[2016-08-10 07:12:32,725] TRACE Broker 0 handling LeaderAndIsr request correlationId 5 from controller 0 epoch 5 starting the become-leader transition for partition [sink1,0] (state.change.logger)
[2016-08-10 07:12:32,727] TRACE Broker 0 stopped fetchers as part of become-leader request from controller 0 epoch 5 with correlation id 5 for partition [sink2,0] (state.change.logger)
[2016-08-10 07:12:32,727] TRACE Broker 0 stopped fetchers as part of become-leader request from controller 0 epoch 5 with correlation id 5 for partition [sink1,0] (state.change.logger)
[2016-08-10 07:12:32,734] TRACE Broker 0 completed LeaderAndIsr request correlationId 5 from controller 0 epoch 5 for the become-leader transition for partition [sink2,0] (state.change.logger)
[2016-08-10 07:12:32,735] TRACE Broker 0 completed LeaderAndIsr request correlationId 5 from controller 0 epoch 5 for the become-leader transition for partition [sink1,0] (state.change.logger)
[2016-08-10 07:12:32,736] TRACE Controller 0 epoch 5 received response LeaderAndIsrResponse(5,Map((sink2,0) -> 0, (sink1,0) -> 0),0) for a request sent to broker id:0,host:centos-2,port:9092 (state.change.logger)
[2016-08-10 07:12:32,738] TRACE Broker 0 cached leader info (LeaderAndIsrInfo:(Leader:0,ISR:0,LeaderEpoch:2,ControllerEpoch:5),ReplicationFactor:1),AllReplicas:0) for partition [sink2,0] in response to UpdateMetadata request sent by controller 0 epoch 5 with correlation id 5 (state.change.logger)
[2016-08-10 07:12:32,738] TRACE Broker 0 cached leader info (LeaderAndIsrInfo:(Leader:0,ISR:0,LeaderEpoch:3,ControllerEpoch:5),ReplicationFactor:1),AllReplicas:0) for partition [sink1,0] in response to UpdateMetadata request sent by controller 0 epoch 5 with correlation id 5 (state.change.logger)
[2016-08-10 07:12:32,739] TRACE Controller 0 epoch 5 received response UpdateMetadataResponse(5,0) for a request sent to broker id:0,host:centos-2,port:9092 (state.change.logger)
